<?xml version="1.0" encoding="UTF-8"?>
<!-- Generated by org.testng.reporters.JUnitXMLReporter -->
<testsuite ignored="0" hostname="Kiran" failures="0" tests="3" name="AmazonTest" time="22.487" errors="0" timestamp="2020-09-24T16:22:03 IST">
  <testcase classname="com.Tests.SignInTest" name="signIn" time="1.675"/>
  <testcase classname="com.Tests.LoginUserIdPageTest" name="userId" time="2.535"/>
  <testcase classname="com.Tests.LoginPasswordPageTest" name="pwdTemp" time="4.917"/>
</testsuite> <!-- AmazonTest -->
