<?xml version="1.0" encoding="UTF-8"?>
<!-- Generated by org.testng.reporters.JUnitXMLReporter -->
<testsuite ignored="0" hostname="Kiran" failures="0" tests="3" name="AmazonTest-InvalidCredentials-Password" time="21.015" errors="0" timestamp="2020-09-24T16:44:29 IST">
  <testcase classname="com.Tests.SignInTest" name="signIn" time="1.907"/>
  <testcase classname="com.Tests.LoginUserIdPageTest" name="userIdTest" time="3.57"/>
  <testcase classname="com.Tests.LoginPasswordPageTest" name="pwdTest" time="2.106"/>
</testsuite> <!-- AmazonTest-InvalidCredentials-Password -->
