<?xml version="1.0" encoding="UTF-8"?>
<testng-results ignored="0" total="2" passed="2" failed="0" skipped="0">
  <reporter-output>
  </reporter-output>
  <suite started-at="2020-09-24T19:31:11 IST" name="Suite" finished-at="2020-09-24T19:31:11 IST" duration-ms="122">
    <groups>
      <group name="uid">
        <method signature="EnterUserId.enteruid(java.lang.String, java.lang.String)[pri:0, instance:com.DemoTestNG.EnterUserId@3a6bb9bf]" name="enteruid" class="com.DemoTestNG.EnterUserId"/>
      </group> <!-- uid -->
    </groups>
    <test started-at="2020-09-24T19:31:11 IST" name="Test" finished-at="2020-09-24T19:31:11 IST" duration-ms="122">
      <class name="com.DemoTestNG.EnterPwd">
        <test-method signature="enterpwd()[pri:0, instance:com.DemoTestNG.EnterPwd@10959ece]" started-at="2020-09-24T19:31:11 IST" name="enterpwd" depends-on-groups="uid" finished-at="2020-09-24T19:31:11 IST" duration-ms="2" status="PASS">
          <reporter-output>
          </reporter-output>
        </test-method> <!-- enterpwd -->
      </class> <!-- com.DemoTestNG.EnterPwd -->
      <class name="com.DemoTestNG.EnterUserId">
        <test-method signature="enteruid(java.lang.String, java.lang.String)[pri:0, instance:com.DemoTestNG.EnterUserId@3a6bb9bf]" started-at="2020-09-24T19:31:11 IST" name="enteruid" finished-at="2020-09-24T19:31:11 IST" duration-ms="20" status="PASS">
          <params>
            <param index="0">
              <value>
                <![CDATA[chrome]]>
              </value>
            </param>
            <param index="1">
              <value>
                <![CDATA[google.com]]>
              </value>
            </param>
          </params>
          <reporter-output>
          </reporter-output>
        </test-method> <!-- enteruid -->
      </class> <!-- com.DemoTestNG.EnterUserId -->
    </test> <!-- Test -->
  </suite> <!-- Suite -->
</testng-results>
